time="2025-06-21T11:41:54+08:00" level=info msg="日志初始化成功!"
time="2025-06-21T11:41:54+08:00" level=info msg="雪花算法初始化成功!"
time="2025-06-21T11:41:54+08:00" level=info msg="MySQL初始化成功!"
time="2025-06-21T11:41:54+08:00" level=info msg="Redis初始化成功!"
time="2025-06-21T11:42:04+08:00" level=info msg="key::key_4\n"
time="2025-06-21T11:42:04+08:00" level=info msg="key存在, 直接返回缓存中的数据"
time="2025-06-21T11:42:12+08:00" level=error msg="查询投票记录失败, err:record not found\n"
time="2025-06-21T11:43:20+08:00" level=info msg="日志初始化成功!"
time="2025-06-21T11:43:20+08:00" level=info msg="雪花算法初始化成功!"
time="2025-06-21T11:43:20+08:00" level=info msg="MySQL初始化成功!"
time="2025-06-21T11:43:20+08:00" level=info msg="Redis初始化成功!"
time="2025-06-21T11:44:57+08:00" level=info msg="日志初始化成功!"
time="2025-06-21T11:44:57+08:00" level=info msg="雪花算法初始化成功!"
time="2025-06-21T11:44:57+08:00" level=info msg="MySQL初始化成功!"
time="2025-06-21T11:44:57+08:00" level=info msg="Redis初始化成功!"
time="2025-06-21T11:45:17+08:00" level=info msg="key::key_4\n"
time="2025-06-21T11:45:17+08:00" level=info msg="key存在, 直接返回缓存中的数据"
time="2025-06-21T11:45:20+08:00" level=info msg="key::key_4\n"
time="2025-06-21T11:45:20+08:00" level=info msg="key存在, 直接返回缓存中的数据"
time="2025-06-21T11:45:53+08:00" level=info msg="key::key_4\n"
time="2025-06-21T11:45:53+08:00" level=info msg="key存在, 直接返回缓存中的数据"
time="2025-06-21T11:46:07+08:00" level=info msg="key::key_4\n"
time="2025-06-21T11:46:07+08:00" level=info msg="key存在, 直接返回缓存中的数据"
time="2025-06-21T11:46:41+08:00" level=info msg="key::key_4\n"
time="2025-06-21T11:46:41+08:00" level=info msg="key存在, 直接返回缓存中的数据"
time="2025-06-21T11:47:08+08:00" level=info msg="key::key_4\n"
time="2025-06-21T11:47:08+08:00" level=info msg="key存在, 直接返回缓存中的数据"
time="2025-06-21T18:46:48+08:00" level=info msg="日志初始化成功!"
time="2025-06-21T18:46:48+08:00" level=info msg="雪花算法初始化成功!"
time="2025-06-21T18:46:48+08:00" level=info msg="MySQL初始化成功!"
time="2025-06-21T18:46:48+08:00" level=info msg="Redis初始化成功!"
